2020-05-26 18:46:08,052 Starting with the calculations per player.
2020-05-26 18:46:08,052 Getting bonus per player
2020-05-26 18:46:08,063 Starting new HTTPS connection (1): my-json-server.typicode.com:443
2020-05-26 18:46:08,895 https://my-json-server.typicode.com:443 "GET /hectorip/prueba-ing-backend/db HTTP/1.1" 200 None
2020-05-26 18:46:08,898 [25000, 30000, 10000, 15000]
2020-05-26 18:46:08,898 Getting salarys per player
2020-05-26 18:46:08,901 Starting new HTTPS connection (1): my-json-server.typicode.com:443
2020-05-26 18:46:09,326 https://my-json-server.typicode.com:443 "GET /hectorip/prueba-ing-backend/db HTTP/1.1" 200 None
2020-05-26 18:46:09,329 [50000, 100000, 20000, 30000]
2020-05-26 18:46:09,329 Getting average per player
2020-05-26 18:46:09,334 Starting new HTTPS connection (1): my-json-server.typicode.com:443
2020-05-26 18:46:09,755 https://my-json-server.typicode.com:443 "GET /hectorip/prueba-ing-backend/db HTTP/1.1" 200 None
2020-05-26 18:46:09,759 Starting new HTTPS connection (1): my-json-server.typicode.com:443
2020-05-26 18:46:10,184 https://my-json-server.typicode.com:443 "GET /hectorip/prueba-ing-backend/db HTTP/1.1" 200 None
2020-05-26 18:46:10,188 Starting new HTTPS connection (1): my-json-server.typicode.com:443
2020-05-26 18:46:10,621 https://my-json-server.typicode.com:443 "GET /hectorip/prueba-ing-backend/db HTTP/1.1" 200 None
2020-05-26 18:46:10,624 [0.8933333333333334, 1.31, 1.26, 1.01]
2020-05-26 18:46:10,624 Getting bonus per player
2020-05-26 18:46:10,625 Starting new HTTPS connection (1): my-json-server.typicode.com:443
2020-05-26 18:46:11,052 https://my-json-server.typicode.com:443 "GET /hectorip/prueba-ing-backend/db HTTP/1.1" 200 None
2020-05-26 18:46:11,056 Starting new HTTPS connection (1): my-json-server.typicode.com:443
2020-05-26 18:46:11,474 https://my-json-server.typicode.com:443 "GET /hectorip/prueba-ing-backend/db HTTP/1.1" 200 None
2020-05-26 18:46:11,479 Starting new HTTPS connection (1): my-json-server.typicode.com:443
2020-05-26 18:46:11,908 https://my-json-server.typicode.com:443 "GET /hectorip/prueba-ing-backend/db HTTP/1.1" 200 None
2020-05-26 18:46:11,912 Starting new HTTPS connection (1): my-json-server.typicode.com:443
2020-05-26 18:46:12,328 https://my-json-server.typicode.com:443 "GET /hectorip/prueba-ing-backend/db HTTP/1.1" 200 None
2020-05-26 18:46:12,331 [22333.333333333336, 39300.0, 12600.0, 15150.0]
2020-05-26 18:46:12,331 Getting total salarys per player and adding them.
2020-05-26 18:46:12,333 Starting new HTTPS connection (1): my-json-server.typicode.com:443
2020-05-26 18:46:12,805 https://my-json-server.typicode.com:443 "GET /hectorip/prueba-ing-backend/db HTTP/1.1" 200 None
2020-05-26 18:46:12,809 Starting new HTTPS connection (1): my-json-server.typicode.com:443
2020-05-26 18:46:13,237 https://my-json-server.typicode.com:443 "GET /hectorip/prueba-ing-backend/db HTTP/1.1" 200 None
2020-05-26 18:46:13,241 Starting new HTTPS connection (1): my-json-server.typicode.com:443
2020-05-26 18:46:13,682 https://my-json-server.typicode.com:443 "GET /hectorip/prueba-ing-backend/db HTTP/1.1" 200 None
2020-05-26 18:46:13,687 Starting new HTTPS connection (1): my-json-server.typicode.com:443
2020-05-26 18:46:14,091 https://my-json-server.typicode.com:443 "GET /hectorip/prueba-ing-backend/db HTTP/1.1" 200 None
2020-05-26 18:46:14,095 Starting new HTTPS connection (1): my-json-server.typicode.com:443
2020-05-26 18:46:14,452 https://my-json-server.typicode.com:443 "GET /hectorip/prueba-ing-backend/db HTTP/1.1" 200 None
2020-05-26 18:46:14,456 [72333.33, 139300.0, 32600.0, 45150.0]
2020-05-26 18:46:14,459 Starting new HTTPS connection (1): my-json-server.typicode.com:443
2020-05-26 18:46:14,877 https://my-json-server.typicode.com:443 "GET /hectorip/prueba-ing-backend/db HTTP/1.1" 200 None
2020-05-26 18:46:14,886 Starting new HTTPS connection (1): my-json-server.typicode.com:443
2020-05-26 18:46:15,317 https://my-json-server.typicode.com:443 "GET /hectorip/prueba-ing-backend/db HTTP/1.1" 200 None
2020-05-26 18:46:15,322 Starting new HTTPS connection (1): my-json-server.typicode.com:443
2020-05-26 18:46:15,814 https://my-json-server.typicode.com:443 "GET /hectorip/prueba-ing-backend/db HTTP/1.1" 200 None
2020-05-26 18:46:15,836 Starting new HTTPS connection (1): my-json-server.typicode.com:443
2020-05-26 18:46:16,357 https://my-json-server.typicode.com:443 "GET /hectorip/prueba-ing-backend/db HTTP/1.1" 200 None
2020-05-26 18:46:16,365 Starting new HTTPS connection (1): my-json-server.typicode.com:443
2020-05-26 18:46:16,772 https://my-json-server.typicode.com:443 "GET /hectorip/prueba-ing-backend/db HTTP/1.1" 200 None
2020-05-26 18:46:16,779 Starting new HTTPS connection (1): my-json-server.typicode.com:443
2020-05-26 18:46:17,218 https://my-json-server.typicode.com:443 "GET /hectorip/prueba-ing-backend/db HTTP/1.1" 200 None
2020-05-26 18:46:17,226 Starting new HTTPS connection (1): my-json-server.typicode.com:443
2020-05-26 18:46:17,724 https://my-json-server.typicode.com:443 "GET /hectorip/prueba-ing-backend/db HTTP/1.1" 200 None
2020-05-26 18:46:17,730 Starting new HTTPS connection (1): my-json-server.typicode.com:443
2020-05-26 18:46:18,195 https://my-json-server.typicode.com:443 "GET /hectorip/prueba-ing-backend/db HTTP/1.1" 200 None
2020-05-26 18:46:18,203 Starting new HTTPS connection (1): my-json-server.typicode.com:443
2020-05-26 18:46:18,654 https://my-json-server.typicode.com:443 "GET /hectorip/prueba-ing-backend/db HTTP/1.1" 200 None
2020-05-26 18:46:18,659 Starting new HTTPS connection (1): my-json-server.typicode.com:443
2020-05-26 18:46:19,142 https://my-json-server.typicode.com:443 "GET /hectorip/prueba-ing-backend/db HTTP/1.1" 200 None
2020-05-26 18:46:19,147 Starting new HTTPS connection (1): my-json-server.typicode.com:443
2020-05-26 18:46:19,590 https://my-json-server.typicode.com:443 "GET /hectorip/prueba-ing-backend/db HTTP/1.1" 200 None
2020-05-26 18:46:19,603 Starting new HTTPS connection (1): my-json-server.typicode.com:443
2020-05-26 18:46:20,053 https://my-json-server.typicode.com:443 "GET /hectorip/prueba-ing-backend/db HTTP/1.1" 200 None
2020-05-26 18:46:20,062 Starting new HTTPS connection (1): my-json-server.typicode.com:443
2020-05-26 18:46:20,518 https://my-json-server.typicode.com:443 "GET /hectorip/prueba-ing-backend/db HTTP/1.1" 200 None
2020-05-26 18:46:20,522 Starting new HTTPS connection (1): my-json-server.typicode.com:443
2020-05-26 18:46:20,971 https://my-json-server.typicode.com:443 "GET /hectorip/prueba-ing-backend/db HTTP/1.1" 200 None
2020-05-26 18:46:20,977 Starting new HTTPS connection (1): my-json-server.typicode.com:443
2020-05-26 18:46:21,422 https://my-json-server.typicode.com:443 "GET /hectorip/prueba-ing-backend/db HTTP/1.1" 200 None
2020-05-26 18:46:21,427 Starting new HTTPS connection (1): my-json-server.typicode.com:443
2020-05-26 18:46:21,855 https://my-json-server.typicode.com:443 "GET /hectorip/prueba-ing-backend/db HTTP/1.1" 200 None
2020-05-26 18:46:21,859 Starting new HTTPS connection (1): my-json-server.typicode.com:443
2020-05-26 18:46:22,236 https://my-json-server.typicode.com:443 "GET /hectorip/prueba-ing-backend/db HTTP/1.1" 200 None
2020-05-26 18:46:22,241 Starting new HTTPS connection (1): my-json-server.typicode.com:443
2020-05-26 18:46:22,687 https://my-json-server.typicode.com:443 "GET /hectorip/prueba-ing-backend/db HTTP/1.1" 200 None
2020-05-26 18:46:22,694 Starting new HTTPS connection (1): my-json-server.typicode.com:443
2020-05-26 18:46:23,217 https://my-json-server.typicode.com:443 "GET /hectorip/prueba-ing-backend/db HTTP/1.1" 200 None
2020-05-26 18:46:23,223 Starting new HTTPS connection (1): my-json-server.typicode.com:443
2020-05-26 18:46:23,644 https://my-json-server.typicode.com:443 "GET /hectorip/prueba-ing-backend/db HTTP/1.1" 200 None
2020-05-26 18:46:23,650 Starting new HTTPS connection (1): my-json-server.typicode.com:443
2020-05-26 18:46:24,090 https://my-json-server.typicode.com:443 "GET /hectorip/prueba-ing-backend/db HTTP/1.1" 200 None
2020-05-26 18:46:24,094 127.0.0.1 - - [26/May/2020 18:46:24] "[37mGET /team_salary_total HTTP/1.1[0m" 200 -
